 [gen-list] file:/C:/MakeDoc/cfg/storage/default/1695127787064/dita/projects/HelloWorld/Processes/helloworld/Process.bwp.dita Line 69:The content of element type "concept" is incomplete, it must match "(title,titlealts?,(abstract|shortdesc)?,prolog?,conbody?,related-links?,concept*)".
 [gen-list] file:/C:/MakeDoc/cfg/storage/default/1695127787064/dita/projects/HelloWorld/Schemas/ProcessSchema.xsd.dita Line 1:Attribute "outputformat" must be declared for element type "p".
 [gen-list] file:/C:/MakeDoc/cfg/storage/default/1695127787064/dita/projects/HelloWorld/Schemas/ProcessSchema.xsd.dita Line 2:Attribute "outputformat" must be declared for element type "p".
 [gen-list] file:/C:/MakeDoc/cfg/storage/default/1695127787064/dita/projects/HelloWorld/Service_Descriptors/Process.wsdl.dita Line 1:Attribute "outputformat" must be declared for element type "p".
 [gen-list] file:/C:/MakeDoc/cfg/storage/default/1695127787064/dita/projects/HelloWorld/Service_Descriptors/Process.wsdl.dita Line 3:Attribute "outputformat" must be declared for element type "p".
 [gen-list] [DOTJ013E][ERROR] Failed to parse the referenced file 'file:/C:/MakeDoc/cfg/storage/default/1695127787064/dita/projects/HelloWorld/META-INF/module.bwm.dita'.: file:/C:/MakeDoc/cfg/storage/default/1695127787064/dita/projects/HelloWorld/META-INF/module.bwm.dita Line 7:XML document structures must start and end within the same entity.
 [gen-list] file:/C:/MakeDoc/cfg/storage/default/1695127787064/dita/projects/HelloWorld/Schemas/RESTSchema.xsd.dita Line 1:Attribute "outputformat" must be declared for element type "p".
 [gen-list] file:/C:/MakeDoc/cfg/storage/default/1695127787064/dita/projects/HelloWorld/Schemas/RESTSchema.xsd.dita Line 2:Attribute "outputformat" must be declared for element type "p".
 [gen-list] file:/C:/MakeDoc/cfg/storage/default/1695127787064/dita/projects/HelloWorld/Schemas/ResourceParameterSchema.xsd.dita Line 1:Attribute "outputformat" must be declared for element type "p".
 [gen-list] file:/C:/MakeDoc/cfg/storage/default/1695127787064/dita/projects/HelloWorld/Schemas/ResourceParameterSchema.xsd.dita Line 2:Attribute "outputformat" must be declared for element type "p".
   [filter] file:/C:/MakeDoc/cfg/storage/default/1695127787064/dita/qa/rules/Value_Contains.ditamap:5:69: [DOTJ054E][ERROR] Unable to parse invalid href attribute value "Value_Contains\violation2.dita", using 'Value_Contains/violation2.dita'.
   [filter] file:/C:/MakeDoc/cfg/storage/default/1695127787064/dita/qa/rules/Value_Contains.ditamap:6:69: [DOTJ054E][ERROR] Unable to parse invalid href attribute value "Value_Contains\violation1.dita", using 'Value_Contains/violation1.dita'.
   [filter] file:/C:/MakeDoc/cfg/storage/default/1695127787064/dita/qa/rules/Hardcoded_destination_parameter.ditamap:5:86: [DOTJ054E][ERROR] Unable to parse invalid href attribute value "Hardcoded_destination_parameter\violation1.dita", using 'Hardcoded_destination_parameter/violation1.dita'.
   [filter] file:/C:/MakeDoc/cfg/storage/default/1695127787064/dita/qa/rules/Incorrect_Structure.ditamap:5:74: [DOTJ054E][ERROR] Unable to parse invalid href attribute value "Incorrect_Structure\violation1.dita", using 'Incorrect_Structure/violation1.dita'.
   [filter] file:/C:/MakeDoc/cfg/storage/default/1695127787064/dita/qa/rules/Incorrect_Structure.ditamap:6:74: [DOTJ054E][ERROR] Unable to parse invalid href attribute value "Incorrect_Structure\violation2.dita", using 'Incorrect_Structure/violation2.dita'.
   [filter] file:/C:/MakeDoc/cfg/storage/default/1695127787064/dita/qa/rules/Unused_properties.ditamap:5:72: [DOTJ054E][ERROR] Unable to parse invalid href attribute value "Unused_properties\violation1.dita", using 'Unused_properties/violation1.dita'.
   [filter] file:/C:/MakeDoc/cfg/storage/default/1695127787064/dita/qa/rules/Incorrect_schema_-_missing_type_suffix.ditamap:5:93: [DOTJ054E][ERROR] Unable to parse invalid href attribute value "Incorrect_schema_-_missing_type_suffix\violation1.dita", using 'Incorrect_schema_-_missing_type_suffix/violation1.dita'.
   [filter] file:/C:/MakeDoc/cfg/storage/default/1695127787064/dita/qa/rules/Incorrect_schema_-_element_name_too_long.ditamap:5:95: [DOTJ054E][ERROR] Unable to parse invalid href attribute value "Incorrect_schema_-_element_name_too_long\violation1.dita", using 'Incorrect_schema_-_element_name_too_long/violation1.dita'.
   [filter] file:/C:/MakeDoc/cfg/storage/default/1695127787064/dita/qa/projects/HelloWorld.ditamap:5:65: [DOTJ054E][ERROR] Unable to parse invalid href attribute value "HelloWorld\violation1.dita", using 'HelloWorld/violation1.dita'.
   [filter] file:/C:/MakeDoc/cfg/storage/default/1695127787064/dita/qa/projects/HelloWorld.ditamap:6:65: [DOTJ054E][ERROR] Unable to parse invalid href attribute value "HelloWorld\violation2.dita", using 'HelloWorld/violation2.dita'.
   [filter] file:/C:/MakeDoc/cfg/storage/default/1695127787064/dita/qa/projects/HelloWorld.ditamap:7:65: [DOTJ054E][ERROR] Unable to parse invalid href attribute value "HelloWorld\violation3.dita", using 'HelloWorld/violation3.dita'.
   [filter] file:/C:/MakeDoc/cfg/storage/default/1695127787064/dita/qa/projects/HelloWorld.ditamap:8:65: [DOTJ054E][ERROR] Unable to parse invalid href attribute value "HelloWorld\violation4.dita", using 'HelloWorld/violation4.dita'.
   [filter] file:/C:/MakeDoc/cfg/storage/default/1695127787064/dita/qa/projects/HelloWorld.ditamap:9:65: [DOTJ054E][ERROR] Unable to parse invalid href attribute value "HelloWorld\violation5.dita", using 'HelloWorld/violation5.dita'.
   [filter] file:/C:/MakeDoc/cfg/storage/default/1695127787064/dita/qa/projects/HelloWorld.ditamap:10:65: [DOTJ054E][ERROR] Unable to parse invalid href attribute value "HelloWorld\violation6.dita", using 'HelloWorld/violation6.dita'.
   [filter] file:/C:/MakeDoc/cfg/storage/default/1695127787064/dita/qa/projects/HelloWorld.ditamap:11:65: [DOTJ054E][ERROR] Unable to parse invalid href attribute value "HelloWorld\violation7.dita", using 'HelloWorld/violation7.dita'.
   [filter] file:/C:/MakeDoc/cfg/storage/default/1695127787064/dita/qa/projects/HelloWorld.ditamap:12:65: [DOTJ054E][ERROR] Unable to parse invalid href attribute value "HelloWorld\violation9.dita", using 'HelloWorld/violation9.dita'.
   [filter] file:/C:/MakeDoc/cfg/storage/default/1695127787064/dita/qa/projects/HelloWorld.ditamap:13:65: [DOTJ054E][ERROR] Unable to parse invalid href attribute value "HelloWorld\violation8.dita", using 'HelloWorld/violation8.dita'.
   [filter] file:/C:/MakeDoc/cfg/storage/default/1695127787064/dita/qa/projects/HelloWorld.ditamap:14:66: [DOTJ054E][ERROR] Unable to parse invalid href attribute value "HelloWorld\violation10.dita", using 'HelloWorld/violation10.dita'.
   [filter] file:/C:/MakeDoc/cfg/storage/default/1695127787064/dita/qa/projects/HelloWorld.ditamap:15:66: [DOTJ054E][ERROR] Unable to parse invalid href attribute value "HelloWorld\violation11.dita", using 'HelloWorld/violation11.dita'.
   [filter] file:/C:/MakeDoc/cfg/storage/default/1695127787064/dita/qa/projects/HelloWorld.ditamap:16:66: [DOTJ054E][ERROR] Unable to parse invalid href attribute value "HelloWorld\violation12.dita", using 'HelloWorld/violation12.dita'.
   [filter] file:/C:/MakeDoc/cfg/storage/default/1695127787064/dita/qa/qa.ditamap:4:65: [DOTJ054E][ERROR] Unable to parse invalid href attribute value "common\violationsByRules.dita", using 'common/violationsByRules.dita'.
   [filter] file:/C:/MakeDoc/cfg/storage/default/1695127787064/dita/qa/qa.ditamap:5:86: [DOTJ054E][ERROR] Unable to parse invalid href attribute value "rules\Hardcoded_connection_parameters.ditamap", using 'rules/Hardcoded_connection_parameters.ditamap'.
   [filter] file:/C:/MakeDoc/cfg/storage/default/1695127787064/dita/qa/qa.ditamap:6:86: [DOTJ054E][ERROR] Unable to parse invalid href attribute value "rules\Hardcoded_destination_parameter.ditamap", using 'rules/Hardcoded_destination_parameter.ditamap'.
   [filter] file:/C:/MakeDoc/cfg/storage/default/1695127787064/dita/qa/qa.ditamap:7:70: [DOTJ054E][ERROR] Unable to parse invalid href attribute value "rules\Counter_Objects.ditamap", using 'rules/Counter_Objects.ditamap'.
   [filter] file:/C:/MakeDoc/cfg/storage/default/1695127787064/dita/qa/qa.ditamap:8:69: [DOTJ054E][ERROR] Unable to parse invalid href attribute value "rules\Value_Contains.ditamap", using 'rules/Value_Contains.ditamap'.
   [filter] file:/C:/MakeDoc/cfg/storage/default/1695127787064/dita/qa/qa.ditamap:9:70: [DOTJ054E][ERROR] Unable to parse invalid href attribute value "rules\Value_Ends_With.ditamap", using 'rules/Value_Ends_With.ditamap'.
   [filter] file:/C:/MakeDoc/cfg/storage/default/1695127787064/dita/qa/qa.ditamap:10:76: [DOTJ054E][ERROR] Unable to parse invalid href attribute value "rules\Incorrect_description.ditamap", using 'rules/Incorrect_description.ditamap'.
   [filter] file:/C:/MakeDoc/cfg/storage/default/1695127787064/dita/qa/qa.ditamap:11:84: [DOTJ054E][ERROR] Unable to parse invalid href attribute value "rules\Incorrect_directory_structure.ditamap", using 'rules/Incorrect_directory_structure.ditamap'.
   [filter] file:/C:/MakeDoc/cfg/storage/default/1695127787064/dita/qa/qa.ditamap:12:95: [DOTJ054E][ERROR] Unable to parse invalid href attribute value "rules\Incorrect_schema_-_element_name_too_long.ditamap", using 'rules/Incorrect_schema_-_element_name_too_long.ditamap'.
   [filter] file:/C:/MakeDoc/cfg/storage/default/1695127787064/dita/qa/qa.ditamap:13:88: [DOTJ054E][ERROR] Unable to parse invalid href attribute value "rules\Incorrect_Schema_-_missing_header.ditamap", using 'rules/Incorrect_Schema_-_missing_header.ditamap'.
   [filter] file:/C:/MakeDoc/cfg/storage/default/1695127787064/dita/qa/qa.ditamap:14:93: [DOTJ054E][ERROR] Unable to parse invalid href attribute value "rules\Incorrect_schema_-_missing_type_suffix.ditamap", using 'rules/Incorrect_schema_-_missing_type_suffix.ditamap'.
   [filter] file:/C:/MakeDoc/cfg/storage/default/1695127787064/dita/qa/qa.ditamap:15:89: [DOTJ054E][ERROR] Unable to parse invalid href attribute value "rules\Incorrect_Schema_-_missing_version.ditamap", using 'rules/Incorrect_Schema_-_missing_version.ditamap'.
   [filter] file:/C:/MakeDoc/cfg/storage/default/1695127787064/dita/qa/qa.ditamap:16:74: [DOTJ054E][ERROR] Unable to parse invalid href attribute value "rules\Incorrect_Structure.ditamap", using 'rules/Incorrect_Structure.ditamap'.
   [filter] file:/C:/MakeDoc/cfg/storage/default/1695127787064/dita/qa/qa.ditamap:17:77: [DOTJ054E][ERROR] Unable to parse invalid href attribute value "rules\Missing_XSD_Annotation.ditamap", using 'rules/Missing_XSD_Annotation.ditamap'.
   [filter] file:/C:/MakeDoc/cfg/storage/default/1695127787064/dita/qa/qa.ditamap:18:72: [DOTJ054E][ERROR] Unable to parse invalid href attribute value "rules\Unused_properties.ditamap", using 'rules/Unused_properties.ditamap'.
   [filter] file:/C:/MakeDoc/cfg/storage/default/1695127787064/dita/qa/qa.ditamap:20:68: [DOTJ054E][ERROR] Unable to parse invalid href attribute value "common\violationsByProjects.dita", using 'common/violationsByProjects.dita'.
   [filter] file:/C:/MakeDoc/cfg/storage/default/1695127787064/dita/qa/qa.ditamap:21:68: [DOTJ054E][ERROR] Unable to parse invalid href attribute value "projects\HelloWorld.ditamap", using 'projects/HelloWorld.ditamap'.
   [filter] file:/C:/MakeDoc/cfg/storage/default/1695127787064/dita/qa/qa.ditamap:22:80: [DOTJ054E][ERROR] Unable to parse invalid href attribute value "projects\HelloWorld.application.ditamap", using 'projects/HelloWorld.application.ditamap'.
   [filter] file:/C:/MakeDoc/cfg/storage/default/1695127787064/dita/qa/projects/HelloWorld.application.ditamap:5:77: [DOTJ054E][ERROR] Unable to parse invalid href attribute value "HelloWorld.application\violation1.dita", using 'HelloWorld.application/violation1.dita'.
   [filter] file:/C:/MakeDoc/cfg/storage/default/1695127787064/dita/qa/projects/HelloWorld.application.ditamap:6:77: [DOTJ054E][ERROR] Unable to parse invalid href attribute value "HelloWorld.application\violation2.dita", using 'HelloWorld.application/violation2.dita'.
   [filter] file:/C:/MakeDoc/cfg/storage/default/1695127787064/dita/qa/projects/HelloWorld.application.ditamap:7:77: [DOTJ054E][ERROR] Unable to parse invalid href attribute value "HelloWorld.application\violation4.dita", using 'HelloWorld.application/violation4.dita'.
   [filter] file:/C:/MakeDoc/cfg/storage/default/1695127787064/dita/qa/projects/HelloWorld.application.ditamap:8:77: [DOTJ054E][ERROR] Unable to parse invalid href attribute value "HelloWorld.application\violation3.dita", using 'HelloWorld.application/violation3.dita'.
   [filter] file:/C:/MakeDoc/cfg/storage/default/1695127787064/dita/qa/rules/Incorrect_directory_structure.ditamap:5:84: [DOTJ054E][ERROR] Unable to parse invalid href attribute value "Incorrect_directory_structure\violation2.dita", using 'Incorrect_directory_structure/violation2.dita'.
   [filter] file:/C:/MakeDoc/cfg/storage/default/1695127787064/dita/qa/rules/Incorrect_directory_structure.ditamap:6:84: [DOTJ054E][ERROR] Unable to parse invalid href attribute value "Incorrect_directory_structure\violation1.dita", using 'Incorrect_directory_structure/violation1.dita'.
   [filter] file:/C:/MakeDoc/cfg/storage/default/1695127787064/dita/qa/rules/Counter_Objects.ditamap:5:70: [DOTJ054E][ERROR] Unable to parse invalid href attribute value "Counter_Objects\violation1.dita", using 'Counter_Objects/violation1.dita'.
   [filter] file:/C:/MakeDoc/cfg/storage/default/1695127787064/dita/qa/rules/Incorrect_Schema_-_missing_header.ditamap:5:88: [DOTJ054E][ERROR] Unable to parse invalid href attribute value "Incorrect_Schema_-_missing_header\violation1.dita", using 'Incorrect_Schema_-_missing_header/violation1.dita'.
   [filter] file:/C:/MakeDoc/cfg/storage/default/1695127787064/dita/projects/HelloWorld/Resources/helloworld/Resource.httpConnResource.dita:6:73: [DOTJ054E][ERROR] Unable to parse invalid href attribute value "#default: localhost, ", using '#default:%20localhost,'.
   [filter] file:/C:/MakeDoc/cfg/storage/default/1695127787064/dita/qa/rules/Incorrect_Schema_-_missing_version.ditamap:5:89: [DOTJ054E][ERROR] Unable to parse invalid href attribute value "Incorrect_Schema_-_missing_version\violation1.dita", using 'Incorrect_Schema_-_missing_version/violation1.dita'.
   [filter] file:/C:/MakeDoc/cfg/storage/default/1695127787064/dita/qa/rules/Incorrect_description.ditamap:5:76: [DOTJ054E][ERROR] Unable to parse invalid href attribute value "Incorrect_description\violation2.dita", using 'Incorrect_description/violation2.dita'.
   [filter] file:/C:/MakeDoc/cfg/storage/default/1695127787064/dita/qa/rules/Incorrect_description.ditamap:6:76: [DOTJ054E][ERROR] Unable to parse invalid href attribute value "Incorrect_description\violation1.dita", using 'Incorrect_description/violation1.dita'.
   [filter] file:/C:/MakeDoc/cfg/storage/default/1695127787064/dita/qa/rules/Hardcoded_connection_parameters.ditamap:5:86: [DOTJ054E][ERROR] Unable to parse invalid href attribute value "Hardcoded_connection_parameters\violation1.dita", using 'Hardcoded_connection_parameters/violation1.dita'.
   [filter] file:/C:/MakeDoc/cfg/storage/default/1695127787064/dita/qa/rules/Value_Ends_With.ditamap:5:70: [DOTJ054E][ERROR] Unable to parse invalid href attribute value "Value_Ends_With\violation2.dita", using 'Value_Ends_With/violation2.dita'.
   [filter] file:/C:/MakeDoc/cfg/storage/default/1695127787064/dita/qa/rules/Value_Ends_With.ditamap:6:70: [DOTJ054E][ERROR] Unable to parse invalid href attribute value "Value_Ends_With\violation1.dita", using 'Value_Ends_With/violation1.dita'.
   [filter] file:/C:/MakeDoc/cfg/storage/default/1695127787064/dita/qa/rules/Missing_XSD_Annotation.ditamap:5:77: [DOTJ054E][ERROR] Unable to parse invalid href attribute value "Missing_XSD_Annotation\violation1.dita", using 'Missing_XSD_Annotation/violation1.dita'.
   [filter] file:/C:/MakeDoc/cfg/storage/default/1695127787064/dita/projects/HelloWorld/Processes/helloworld/Process.bwp.dita:69:1222: [DOTJ054E][ERROR] Unable to parse invalid href attribute value "#default: test, ", using '#default:%20test,'.
[move-meta] File file:/C:/Users/ADMINI~1/AppData/Local/Temp/2/temp20230919125134667/projects/HelloWorld/META-INF/module.bwm.dita was not found.
[move-meta] File file:/C:/Users/ADMINI~1/AppData/Local/Temp/2/temp20230919125134667/projects/HelloWorld/META-INF/module.bwm.dita was not found.
[move-meta] file:/C:/MakeDoc/cfg/storage/default/1695127787064/dita/projects/HelloWorld/content_DITA.ditamap:20:50: [DOTX023W][WARN]: Unable to retrieve navtitle from target: 'projects/HelloWorld/META-INF/module.bwm.dita'.
[move-meta] file:/C:/MakeDoc/cfg/storage/default/1695127787064/dita/projects/HelloWorld/content_DITA.ditamap:20:50: [DOTX027W][WARN]: Unable to retrieve linktext from target: 'projects/HelloWorld/META-INF/module.bwm.dita'.
[topicpull] file:/C:/MakeDoc/cfg/storage/default/1695127787064/dita/qa/rules/Incorrect_Structure/violation1.dita:17:78: [DOTX031E][ERROR]: The file ../../../projects/HelloWorld/META-INF/module.bwm.dita is not available to resolve link information.
[topicpull] file:/C:/MakeDoc/cfg/storage/default/1695127787064/dita/projects/HelloWorld/content_DITA.ditamap:20:50: [DOTX031E][ERROR]: The file ../../../projects/HelloWorld/META-INF/module.bwm.dita is not available to resolve link information.
[topicpull] file:/C:/MakeDoc/cfg/storage/default/1695127787064/dita/qa/rules/Incorrect_description/violation2.dita:17:78: [DOTX031E][ERROR]: The file ../../../projects/HelloWorld/META-INF/module.bwm.dita is not available to resolve link information.
[topicpull] file:/C:/MakeDoc/cfg/storage/default/1695127787064/dita/qa/projects/HelloWorld/violation4.dita:9:117: [DOTX031E][ERROR]: The file ../../../projects/HelloWorld/META-INF/module.bwm.dita is not available to resolve link information.
     [xslt] file:/C:/MakeDoc/cfg/storage/default/1695127787064/dita/projects/HelloWorld/content_DITA.ditamap:20:50: [DOTX009W][WARN]: Could not retrieve a title from 'projects/HelloWorld/META-INF/module.bwm.dita'. Using 'projects/HelloWorld/META-INF/module.bwm.dita' instead.

C:\MakeDoc\cfg\storage\default\1695127787064\dita>

